<?xml version="1.0" encoding="UTF-8"?>
<testng-results skipped="0" failed="0" ignored="0" total="3" passed="3">
  <reporter-output>
  </reporter-output>
  <suite name="Default suite" duration-ms="129" started-at="2018-03-21T03:14:55Z" finished-at="2018-03-21T03:14:55Z">
    <groups>
    </groups>
    <test name="Default test" duration-ms="129" started-at="2018-03-21T03:14:55Z" finished-at="2018-03-21T03:14:55Z">
      <class name="testNG.PriorityAndDepends">
        <test-method status="PASS" signature="login()[pri:0, instance:testNG.PriorityAndDepends@651fd0]" name="login" duration-ms="41" started-at="2018-03-21T03:14:55Z" finished-at="2018-03-21T03:14:55Z">
          <reporter-output>
          </reporter-output>
        </test-method> <!-- login -->
        <test-method status="PASS" signature="navigate()[pri:0, instance:testNG.PriorityAndDepends@651fd0]" name="navigate" duration-ms="2" started-at="2018-03-21T03:14:55Z" depends-on-methods="testNG.PriorityAndDepends.login" finished-at="2018-03-21T03:14:55Z">
          <reporter-output>
          </reporter-output>
        </test-method> <!-- navigate -->
        <test-method status="PASS" signature="logout()[pri:0, instance:testNG.PriorityAndDepends@651fd0]" name="logout" duration-ms="5" started-at="2018-03-21T03:14:55Z" depends-on-methods="testNG.PriorityAndDepends.navigate, testNG.PriorityAndDepends.login" finished-at="2018-03-21T03:14:55Z">
          <reporter-output>
          </reporter-output>
        </test-method> <!-- logout -->
      </class> <!-- testNG.PriorityAndDepends -->
    </test> <!-- Default test -->
  </suite> <!-- Default suite -->
</testng-results>
