<?xml version="1.0" encoding="UTF-8"?>
<!-- Generated by org.testng.reporters.JUnitXMLReporter -->
<testsuite hostname="Hemanth-PC" ignored="0" name="Default test" tests="3" failures="0" timestamp="21 Mar 2018 03:14:55 GMT" time="0.129" errors="0">
  <testcase name="login" time="0.041" classname="testNG.PriorityAndDepends"/>
  <testcase name="navigate" time="0.002" classname="testNG.PriorityAndDepends"/>
  <testcase name="logout" time="0.005" classname="testNG.PriorityAndDepends"/>
</testsuite> <!-- Default test -->
